<?xml version="1.0" encoding="UTF-8"?>
<!-- Generated by org.testng.reporters.JUnitXMLReporter -->
<testsuite ignored="1" hostname="LAPTOP-Q7AL5D2T" failures="1" tests="5" name="Executing group Smoke" time="16.701" errors="0" timestamp="2024-07-22T20:49:18 IST">
  <testcase classname="com.sevenrmartsupermarket.tests.LoginTest" name="verifyData" time="0.487"/>
  <testcase classname="com.sevenrmartsupermarket.tests.LoginTest" name="verifyLogin" time="1.091"/>
  <testcase classname="com.sevenrmartsupermarket.tests.AdminUserTest" name="verify_AdminUserLanding" time="0.769"/>
  <testcase classname="com.sevenrmartsupermarket.tests.AdminUserTest" name="verify_Create_NewAdminUser" time="2.06">
    <failure type="java.lang.NullPointerException" message="Cannot invoke &amp;quot;String.contains(java.lang.CharSequence)&amp;quot; because &amp;quot;toEscape&amp;quot; is null">
      <![CDATA[java.lang.NullPointerException: Cannot invoke "String.contains(java.lang.CharSequence)" because "toEscape" is null
at org.openqa.selenium.support.ui.Quotes.escape(Quotes.java:38)
at org.openqa.selenium.support.ui.Select.selectByVisibleText(Select.java:116)
at com.sevenrmartsupermarket.utilities.PageUtility.select_ByVisibleText(PageUtility.java:31)
at com.sevenrmartsupermarket.pages.AdminUserPage.selectUserType(AdminUserPage.java:108)
at com.sevenrmartsupermarket.pages.AdminUserPage.createUser(AdminUserPage.java:130)
at com.sevenrmartsupermarket.tests.AdminUserTest.verify_Create_NewAdminUser(AdminUserTest.java:56)
at java.base/java.util.ArrayList.forEach(ArrayList.java:1511)
... Removed 27 stack frames]]>
    </failure>
  </testcase> <!-- verify_Create_NewAdminUser -->
  <testcase classname="com.sevenrmartsupermarket.tests.AdminUserTest" name="verify_NewAdmin_CreatePageLanding" time="1.235"/>
  <testcase classname="com.sevenrmartsupermarket.tests.LoginTest" name="verifyLogin_Excel" time="0.0">
    <ignored/>
  </testcase> <!-- verifyLogin_Excel -->
</testsuite> <!-- Executing group Smoke -->
